{"/Users/ferdiardiansa/Desktop/Development/oxcyn/packages/utils/src/number/number.ts": {"path":"/Users/ferdiardiansa/Desktop/Development/oxcyn/packages/utils/src/number/number.ts","statementMap":{"0":{"start":{"line":7,"column":30},"end":{"line":16,"column":1}},"1":{"start":{"line":8,"column":2},"end":{"line":15,"column":11}},"2":{"start":{"line":23,"column":42},"end":{"line":40,"column":1}},"3":{"start":{"line":24,"column":18},"end":{"line":27,"column":3}},"4":{"start":{"line":28,"column":27},"end":{"line":28,"column":29}},"5":{"start":{"line":30,"column":2},"end":{"line":37,"column":3}},"6":{"start":{"line":30,"column":15},"end":{"line":30,"column":16}},"7":{"start":{"line":31,"column":16},"end":{"line":31,"column":45}},"8":{"start":{"line":32,"column":28},"end":{"line":32,"column":51}},"9":{"start":{"line":34,"column":17},"end":{"line":34,"column":71}},"10":{"start":{"line":36,"column":4},"end":{"line":36,"column":38}},"11":{"start":{"line":39,"column":2},"end":{"line":39,"column":24}},"12":{"start":{"line":48,"column":31},"end":{"line":52,"column":1}},"13":{"start":{"line":49,"column":18},"end":{"line":49,"column":30}},"14":{"start":{"line":51,"column":2},"end":{"line":51,"column":36}}},"fnMap":{"0":{"name":"(anonymous_0)","decl":{"start":{"line":7,"column":30},"end":{"line":7,"column":31}},"loc":{"start":{"line":7,"column":49},"end":{"line":16,"column":1}},"line":7},"1":{"name":"(anonymous_1)","decl":{"start":{"line":23,"column":42},"end":{"line":23,"column":43}},"loc":{"start":{"line":23,"column":66},"end":{"line":40,"column":1}},"line":23},"2":{"name":"(anonymous_2)","decl":{"start":{"line":48,"column":31},"end":{"line":48,"column":32}},"loc":{"start":{"line":48,"column":50},"end":{"line":52,"column":1}},"line":48}},"branchMap":{"0":{"loc":{"start":{"line":23,"column":43},"end":{"line":23,"column":61}},"type":"default-arg","locations":[{"start":{"line":23,"column":60},"end":{"line":23,"column":61}}],"line":23}},"s":{"0":1,"1":5,"2":1,"3":3,"4":3,"5":3,"6":3,"7":15,"8":15,"9":15,"10":15,"11":3,"12":1,"13":4,"14":4},"f":{"0":5,"1":3,"2":4},"b":{"0":[3]},"_coverageSchema":"1a1c01bbd47fc00a2c39e90264f33305004495a9","hash":"c739817980f305a5c2cd4175c1d8c2dff7230d7c"}
,"/Users/ferdiardiansa/Desktop/Development/oxcyn/packages/utils/src/tailwind/tailwind.ts": {"path":"/Users/ferdiardiansa/Desktop/Development/oxcyn/packages/utils/src/tailwind/tailwind.ts","statementMap":{"0":{"start":{"line":11,"column":2},"end":{"line":11,"column":34}}},"fnMap":{"0":{"name":"cn","decl":{"start":{"line":10,"column":16},"end":{"line":10,"column":18}},"loc":{"start":{"line":10,"column":48},"end":{"line":12,"column":1}},"line":10}},"branchMap":{},"s":{"0":4},"f":{"0":4},"b":{},"_coverageSchema":"1a1c01bbd47fc00a2c39e90264f33305004495a9","hash":"359e70839e13168ab813d783bd40d172bbe4ec4c"}
}
